<?xml version="1.0" encoding="UTF-8"?>
<robot generator="Robot 4.1.2 (Python 3.8.10 on linux)" generated="20211216 12:44:20.009" rpa="false" schemaversion="2">
<suite id="s1" name="Main" source="/home/nurarif/PycharmProjects/Demo/robot-framework-test/Automation_Project/main.robot">
<test id="s1-t1" name="Open Deriv">
<kw name="Account Deactivation" library="testing">
<arg>${my_email}</arg>
<arg>${my_pw}</arg>
<kw name="Open Browser" library="SeleniumLibrary">
<arg>https://app.deriv.com/account/deactivate-account</arg>
<arg>browser=chrome</arg>
<doc>Opens a new browser instance to the optional ``url``.</doc>
<msg timestamp="20211216 12:44:20.096" level="INFO">Opening browser 'chrome' to base url 'https://app.deriv.com/account/deactivate-account'.</msg>
<status status="PASS" starttime="20211216 12:44:20.095" endtime="20211216 12:44:28.019"/>
</kw>
<kw name="Wait Until Page Does Not Contain Element" library="SeleniumLibrary">
<arg>dt_core_header_acc-info-preloader</arg>
<arg>60</arg>
<doc>Waits until the element ``locator`` disappears from the current page.</doc>
<status status="PASS" starttime="20211216 12:44:28.019" endtime="20211216 12:44:32.400"/>
</kw>
<kw name="Wait Until Page Contains Element" library="SeleniumLibrary">
<arg>${email_field}</arg>
<arg>30</arg>
<doc>Waits until the element ``locator`` appears on the current page.</doc>
<status status="PASS" starttime="20211216 12:44:32.400" endtime="20211216 12:44:32.408"/>
</kw>
<kw name="Input Text" library="SeleniumLibrary">
<arg>${email_field}</arg>
<arg>${email}</arg>
<doc>Types the given ``text`` into the text field identified by ``locator``.</doc>
<msg timestamp="20211216 12:44:32.408" level="INFO">Typing text 'nurarif+1@besquare.com.my' into text field 'name=email'.</msg>
<status status="PASS" starttime="20211216 12:44:32.408" endtime="20211216 12:44:32.458"/>
</kw>
<kw name="Input Text" library="SeleniumLibrary">
<arg>${pw_field}</arg>
<arg>${pw}</arg>
<doc>Types the given ``text`` into the text field identified by ``locator``.</doc>
<msg timestamp="20211216 12:44:32.458" level="INFO">Typing text 'Abcd1234' into text field '//*[@type="password"]'.</msg>
<status status="PASS" starttime="20211216 12:44:32.458" endtime="20211216 12:44:32.506"/>
</kw>
<kw name="Click Element" library="SeleniumLibrary">
<arg>${login_outh_button}</arg>
<doc>Click the element identified by ``locator``.</doc>
<msg timestamp="20211216 12:44:32.506" level="INFO">Clicking element '//*[text()="Log in"]'.</msg>
<status status="PASS" starttime="20211216 12:44:32.506" endtime="20211216 12:44:41.434"/>
</kw>
<kw name="Wait Until Page Contains Element" library="SeleniumLibrary">
<arg>${deactivate_btn}</arg>
<arg>30</arg>
<doc>Waits until the element ``locator`` appears on the current page.</doc>
<status status="PASS" starttime="20211216 12:44:41.435" endtime="20211216 12:44:41.446"/>
</kw>
<kw name="Click Element" library="SeleniumLibrary">
<arg>${deactivate_btn}</arg>
<doc>Click the element identified by ``locator``.</doc>
<msg timestamp="20211216 12:44:41.447" level="INFO">Clicking element '//*[@class="dc-btn dc-btn--primary dc-btn__large deactivate-account__button"]'.</msg>
<status status="PASS" starttime="20211216 12:44:41.447" endtime="20211216 12:44:41.491"/>
</kw>
<kw name="Wait Until Page Contains Element" library="SeleniumLibrary">
<arg>${reason1}</arg>
<arg>30</arg>
<doc>Waits until the element ``locator`` appears on the current page.</doc>
<status status="PASS" starttime="20211216 12:44:41.492" endtime="20211216 12:44:41.500"/>
</kw>
<kw name="Click Element" library="SeleniumLibrary">
<arg>${reason1}</arg>
<doc>Click the element identified by ``locator``.</doc>
<msg timestamp="20211216 12:44:41.500" level="INFO">Clicking element '//*[@id="app_contents"]/div/div/div/div[2]/div/div/form/label[1]'.</msg>
<status status="PASS" starttime="20211216 12:44:41.500" endtime="20211216 12:44:41.531"/>
</kw>
<kw name="Click Element" library="SeleniumLibrary">
<arg>${reason2}</arg>
<doc>Click the element identified by ``locator``.</doc>
<msg timestamp="20211216 12:44:41.532" level="INFO">Clicking element '//*[@id="app_contents"]/div/div/div/div[2]/div/div/form/label[4]'.</msg>
<status status="PASS" starttime="20211216 12:44:41.532" endtime="20211216 12:44:41.568"/>
</kw>
<kw name="Input Text" library="SeleniumLibrary">
<arg>${comment_field}</arg>
<arg>Overall you have a good platform but I prefer to choose other trading platform. Thank you for your services.</arg>
<doc>Types the given ``text`` into the text field identified by ``locator``.</doc>
<msg timestamp="20211216 12:44:41.569" level="INFO">Typing text 'Overall you have a good platform but I prefer to choose other trading platform. Thank you for your services.' into text field 'name=other_trading_platforms'.</msg>
<status status="PASS" starttime="20211216 12:44:41.569" endtime="20211216 12:44:41.915"/>
</kw>
<kw name="Click Element" library="SeleniumLibrary">
<arg>${cont_btn}</arg>
<doc>Click the element identified by ``locator``.</doc>
<msg timestamp="20211216 12:44:41.916" level="INFO">Clicking element '//*[@class="dc-btn dc-btn__effect dc-btn--primary dc-btn__large"]'.</msg>
<status status="PASS" starttime="20211216 12:44:41.916" endtime="20211216 12:44:41.969"/>
</kw>
<kw name="Wait Until Page Contains Element" library="SeleniumLibrary">
<arg>${popup_warning}</arg>
<arg>30</arg>
<doc>Waits until the element ``locator`` appears on the current page.</doc>
<status status="PASS" starttime="20211216 12:44:41.969" endtime="20211216 12:44:41.977"/>
</kw>
<kw name="Click Element" library="SeleniumLibrary">
<arg>${deactivate}</arg>
<doc>Click the element identified by ``locator``.</doc>
<msg timestamp="20211216 12:44:41.978" level="INFO">Clicking element '//*[@id="modal_root"]/div/div/div/div[2]/button[2]'.</msg>
<status status="PASS" starttime="20211216 12:44:41.977" endtime="20211216 12:44:42.260"/>
</kw>
<status status="PASS" starttime="20211216 12:44:20.095" endtime="20211216 12:44:42.261"/>
</kw>
<status status="PASS" starttime="20211216 12:44:20.095" endtime="20211216 12:44:42.262"/>
</test>
<status status="PASS" starttime="20211216 12:44:20.010" endtime="20211216 12:44:42.263"/>
</suite>
<statistics>
<total>
<stat pass="1" fail="0" skip="0">All Tests</stat>
</total>
<tag>
</tag>
<suite>
<stat pass="1" fail="0" skip="0" id="s1" name="Main">Main</stat>
</suite>
</statistics>
<errors>
</errors>
</robot>
